Multi-Threaded Computation: sum=999892115358, max=99999, took 0.032 seconds
	Command being timed: "./out/multi_threaded_computation"
	User time (seconds): 0.29
	System time (seconds): 0.00
	Percent of CPU this job got: 103%
	Elapsed (wall clock) time (h:mm:ss or m:ss): 0:00.28
	Average shared text size (kbytes): 0
	Average unshared data size (kbytes): 0
	Average stack size (kbytes): 0
	Average total size (kbytes): 0
	Maximum resident set size (kbytes): 81940
	Average resident set size (kbytes): 0
	Major (requiring I/O) page faults: 0
	Minor (reclaiming a frame) page faults: 5293
	Voluntary context switches: 488
	Involuntary context switches: 0
	Swaps: 0
	File system inputs: 72
	File system outputs: 0
	Socket messages sent: 0
	Socket messages received: 0
	Signals delivered: 0
	Page size (bytes): 4096
	Exit status: 0
